<?xml version="1.0" encoding="UTF-8"?>
<!-- Generated by org.testng.reporters.JUnitReportReporter -->
<testsuite skipped="0" hostname="DESKTOP-HPCIQ41" name="ui.Dataprovider" tests="4" failures="0" timestamp="2022-06-26T21:33:58 IST" time="93.387" errors="0">
  <testcase name="login" time="11.554" classname="ui.Dataprovider"/>
  <system-out/>
  <testcase name="login" time="54.167" classname="ui.Dataprovider"/>
  <system-out/>
  <testcase name="login" time="16.384" classname="ui.Dataprovider"/>
  <system-out/>
  <testcase name="login" time="11.282" classname="ui.Dataprovider"/>
  <system-out/>
</testsuite> <!-- ui.Dataprovider -->
