<?xml version="1.0" encoding="UTF-8"?>
<!-- Generated by org.testng.reporters.JUnitReportReporter -->
<testsuite skipped="0" hostname="DESKTOP-HPCIQ41" name="ui.Grouping" tests="5" failures="0" timestamp="2022-06-26T17:50:42 IST" time="0.012" errors="0">
  <testcase name="f1" time="0.006" classname="ui.Grouping"/>
  <system-out/>
  <testcase name="f4" time="0.002" classname="ui.Grouping"/>
  <system-out/>
  <testcase name="f2" time="0.001" classname="ui.Grouping"/>
  <system-out/>
  <testcase name="f5" time="0.001" classname="ui.Grouping"/>
  <system-out/>
  <testcase name="f3" time="0.002" classname="ui.Grouping"/>
  <system-out/>
</testsuite> <!-- ui.Grouping -->
